<?xml version="1.0" encoding="UTF-8"?>
<!-- Generated by org.testng.reporters.JUnitReportReporter -->
<testsuite skipped="0" hostname="VINITH" name="marvenproject.TestNG2" tests="2" failures="0" timestamp="25 Apr 2022 08:43:29 GMT" time="1.364" errors="0">
  <testcase name="loginpa" time="0.780" classname="marvenproject.TestNG2"/>
  <testcase name="password" time="0.584" classname="marvenproject.TestNG2"/>
</testsuite> <!-- marvenproject.TestNG2 -->
