<?xml version="1.0" encoding="UTF-8"?>
<!-- Generated by org.testng.reporters.JUnitReportReporter -->
<testsuite skipped="0" hostname="VINITH" name="marvenproject.TestNG" tests="2" failures="0" timestamp="25 Apr 2022 08:15:24 GMT" time="0.048" errors="0">
  <testcase name="Methoda" time="0.038" classname="marvenproject.TestNG"/>
  <testcase name="Methodb" time="0.010" classname="marvenproject.TestNG"/>
</testsuite> <!-- marvenproject.TestNG -->
